[?1h=[?25l[H[2J(B[mtop - 16:08:59 up  1:33,  1 user,  load average: 0.29, 0.34, 0.32(B[m[39;49m(B[m[39;49m[K
Tasks:(B[m[39;49m[1m 208 (B[m[39;49mtotal,(B[m[39;49m[1m   2 (B[m[39;49mrunning,(B[m[39;49m[1m 206 (B[m[39;49msleeping,(B[m[39;49m[1m   0 (B[m[39;49mstopped,(B[m[39;49m[1m   0 (B[m[39;49mzombie(B[m[39;49m(B[m[39;49m[K
%Cpu(s):(B[m[39;49m[1m 16.7 (B[m[39;49mus,(B[m[39;49m[1m  0.0 (B[m[39;49msy,(B[m[39;49m[1m  0.0 (B[m[39;49mni,(B[m[39;49m[1m 83.3 (B[m[39;49mid,(B[m[39;49m[1m  0.0 (B[m[39;49mwa,(B[m[39;49m[1m  0.0 (B[m[39;49mhi,(B[m[39;49m[1m  0.0 (B[m[39;49msi,(B[m[39;49m[1m  0.0 (B[m[39;49mst(B[m[39;49m(B[m[39;49m[K
MiB Mem :(B[m[39;49m[1m   3926.0 (B[m[39;49mtotal,(B[m[39;49m[1m    609.0 (B[m[39;49mfree,(B[m[39;49m[1m   1680.8 (B[m[39;49mused,(B[m[39;49m[1m   1636.2 (B[m[39;49mbuff/cache(B[m[39;49m(B[m[39;49m[K
MiB Swap:(B[m[39;49m[1m    448.5 (B[m[39;49mtotal,(B[m[39;49m[1m    448.5 (B[m[39;49mfree,(B[m[39;49m[1m      0.0 (B[m[39;49mused.(B[m[39;49m[1m   1974.6 (B[m[39;49mavail Mem (B[m[39;49m(B[m[39;49m[K
[K
[7m    PID USER      PR  NI    VIRT    RES    SHR S  %CPU  %MEM     TIME+ COMMAND  (B[m[39;49m[K
(B[m   1262 borui     20   0 4251244 394768 136972 S  13.3   9.8   2:29.47 gnome-s+ (B[m[39;49m[K
(B[m    954 borui     20   0  904552 124240  69008 S   6.7   3.1   1:04.08 Xorg     (B[m[39;49m[K
(B[m[1m   2854 borui     20   0 2714620 280664 106896 R   6.7   7.0   1:14.13 Isolate+ (B[m[39;49m[K
(B[m      1 root      20   0  168848  12896   8432 S   0.0   0.3   0:07.23 systemd  (B[m[39;49m[K
(B[m      2 root      20   0       0      0      0 S   0.0   0.0   0:00.00 kthreadd (B[m[39;49m[K
(B[m      3 root       0 -20       0      0      0 I   0.0   0.0   0:00.00 rcu_gp   (B[m[39;49m[K
(B[m      4 root       0 -20       0      0      0 I   0.0   0.0   0:00.00 rcu_par+ (B[m[39;49m[K
(B[m      6 root       0 -20       0      0      0 I   0.0   0.0   0:00.00 kworker+ (B[m[39;49m[K
(B[m      9 root       0 -20       0      0      0 I   0.0   0.0   0:00.00 mm_perc+ (B[m[39;49m[K
(B[m     10 root      20   0       0      0      0 S   0.0   0.0   0:00.00 rcu_tas+ (B[m[39;49m[K
(B[m     11 root      20   0       0      0      0 S   0.0   0.0   0:00.00 rcu_tas+ (B[m[39;49m[K
(B[m     12 root      20   0       0      0      0 S   0.0   0.0   0:00.79 ksoftir+ (B[m[39;49m[K
(B[m     13 root      20   0       0      0      0 I   0.0   0.0   0:00.77 rcu_sch+ (B[m[39;49m[K
(B[m     14 root      rt   0       0      0      0 S   0.0   0.0   0:00.01 migrati+ (B[m[39;49m[K
(B[m     15 root     -51   0       0      0      0 S   0.0   0.0   0:00.00 idle_in+ (B[m[39;49m[K
(B[m     16 root      20   0       0      0      0 S   0.0   0.0   0:00.00 cpuhp/0  (B[m[39;49m[K
(B[m     17 root      20   0       0      0      0 S   0.0   0.0   0:00.00 cpuhp/1  (B[m[39;49m[K[?1l>[25;1H
[?12l[?25h[K[?1h=[?25l[H[2J(B[mtop - 13:27:16 up 19 min,  1 user,  load average: 0.34, 0.82, 0.65(B[m[39;49m(B[m[39;49m[K
Tasks:(B[m[39;49m[1m 209 (B[m[39;49mtotal,(B[m[39;49m[1m   1 (B[m[39;49mrunning,(B[m[39;49m[1m 208 (B[m[39;49msleeping,(B[m[39;49m[1m   0 (B[m[39;49mstopped,(B[m[39;49m[1m   0 (B[m[39;49mzombie(B[m[39;49m(B[m[39;49m[K
%Cpu(s):(B[m[39;49m[1m  0.0 (B[m[39;49mus,(B[m[39;49m[1m  3.1 (B[m[39;49msy,(B[m[39;49m[1m  0.0 (B[m[39;49mni,(B[m[39;49m[1m 96.9 (B[m[39;49mid,(B[m[39;49m[1m  0.0 (B[m[39;49mwa,(B[m[39;49m[1m  0.0 (B[m[39;49mhi,(B[m[39;49m[1m  0.0 (B[m[39;49msi,(B[m[39;49m[1m  0.0 (B[m[39;49mst(B[m[39;49m(B[m[39;49m[K
MiB Mem :(B[m[39;49m[1m   3926.0 (B[m[39;49mtotal,(B[m[39;49m[1m   1119.9 (B[m[39;49mfree,(B[m[39;49m[1m   1710.3 (B[m[39;49mused,(B[m[39;49m[1m   1095.8 (B[m[39;49mbuff/cache(B[m[39;49m(B[m[39;49m[K
MiB Swap:(B[m[39;49m[1m    448.5 (B[m[39;49mtotal,(B[m[39;49m[1m    448.5 (B[m[39;49mfree,(B[m[39;49m[1m      0.0 (B[m[39;49mused.(B[m[39;49m[1m   1958.5 (B[m[39;49mavail Mem (B[m[39;49m(B[m[39;49m[K
[K
[7m    PID USER      PR  NI    VIRT    RES    SHR S  %CPU  %MEM     TIME+ COMMAND  (B[m[39;49m[K
(B[m      1 root      20   0  167456  11444   8372 S   0.0   0.3   0:01.66 systemd  (B[m[39;49m[K
(B[m      2 root      20   0       0      0      0 S   0.0   0.0   0:00.00 kthreadd (B[m[39;49m[K
(B[m      3 root       0 -20       0      0      0 I   0.0   0.0   0:00.00 rcu_gp   (B[m[39;49m[K
(B[m      4 root       0 -20       0      0      0 I   0.0   0.0   0:00.00 rcu_par+ (B[m[39;49m[K
(B[m      6 root       0 -20       0      0      0 I   0.0   0.0   0:00.00 kworker+ (B[m[39;49m[K
(B[m      7 root      20   0       0      0      0 I   0.0   0.0   0:00.09 kworker+ (B[m[39;49m[K
(B[m      8 root      20   0       0      0      0 I   0.0   0.0   0:00.16 kworker+ (B[m[39;49m[K
(B[m      9 root       0 -20       0      0      0 I   0.0   0.0   0:00.00 mm_perc+ (B[m[39;49m[K
(B[m     10 root      20   0       0      0      0 S   0.0   0.0   0:00.00 rcu_tas+ (B[m[39;49m[K
(B[m     11 root      20   0       0      0      0 S   0.0   0.0   0:00.00 rcu_tas+ (B[m[39;49m[K
(B[m     12 root      20   0       0      0      0 S   0.0   0.0   0:00.03 ksoftir+ (B[m[39;49m[K
(B[m     13 root      20   0       0      0      0 I   0.0   0.0   0:00.20 rcu_sch+ (B[m[39;49m[K
(B[m     14 root      rt   0       0      0      0 S   0.0   0.0   0:00.01 migrati+ (B[m[39;49m[K
(B[m     15 root     -51   0       0      0      0 S   0.0   0.0   0:00.00 idle_in+ (B[m[39;49m[K
(B[m     16 root      20   0       0      0      0 S   0.0   0.0   0:00.00 cpuhp/0  (B[m[39;49m[K
(B[m     17 root      20   0       0      0      0 S   0.0   0.0   0:00.00 cpuhp/1  (B[m[39;49m[K
(B[m     18 root     -51   0       0      0      0 S   0.0   0.0   0:00.00 idle_in+ (B[m[39;49m[K[?1l>[25;1H
[?12l[?25h[K[?1h=[?25l[H[2J(B[mtop - 13:27:58 up 20 min,  1 user,  load average: 0.23, 0.73, 0.63(B[m[39;49m(B[m[39;49m[K
Tasks:(B[m[39;49m[1m 209 (B[m[39;49mtotal,(B[m[39;49m[1m   2 (B[m[39;49mrunning,(B[m[39;49m[1m 207 (B[m[39;49msleeping,(B[m[39;49m[1m   0 (B[m[39;49mstopped,(B[m[39;49m[1m   0 (B[m[39;49mzombie(B[m[39;49m(B[m[39;49m[K
%Cpu(s):(B[m[39;49m[1m 13.3 (B[m[39;49mus,(B[m[39;49m[1m  6.7 (B[m[39;49msy,(B[m[39;49m[1m  0.0 (B[m[39;49mni,(B[m[39;49m[1m 80.0 (B[m[39;49mid,(B[m[39;49m[1m  0.0 (B[m[39;49mwa,(B[m[39;49m[1m  0.0 (B[m[39;49mhi,(B[m[39;49m[1m  0.0 (B[m[39;49msi,(B[m[39;49m[1m  0.0 (B[m[39;49mst(B[m[39;49m(B[m[39;49m[K
MiB Mem :(B[m[39;49m[1m   3926.0 (B[m[39;49mtotal,(B[m[39;49m[1m   1094.5 (B[m[39;49mfree,(B[m[39;49m[1m   1733.2 (B[m[39;49mused,(B[m[39;49m[1m   1098.2 (B[m[39;49mbuff/cache(B[m[39;49m(B[m[39;49m[K
MiB Swap:(B[m[39;49m[1m    448.5 (B[m[39;49mtotal,(B[m[39;49m[1m    448.5 (B[m[39;49mfree,(B[m[39;49m[1m      0.0 (B[m[39;49mused.(B[m[39;49m[1m   1933.5 (B[m[39;49mavail Mem (B[m[39;49m(B[m[39;49m[K
[K
[7m    PID USER      PR  NI    VIRT    RES    SHR S  %CPU  %MEM     TIME+ COMMAND  (B[m[39;49m[K
(B[m[1m   2722 borui     20   0 1069084  72940  48648 R  46.7   1.8   0:03.99 nautilus (B[m[39;49m[K
(B[m      1 root      20   0  167456  11444   8372 S   0.0   0.3   0:01.66 systemd  (B[m[39;49m[K
(B[m      2 root      20   0       0      0      0 S   0.0   0.0   0:00.00 kthreadd (B[m[39;49m[K
(B[m      3 root       0 -20       0      0      0 I   0.0   0.0   0:00.00 rcu_gp   (B[m[39;49m[K
(B[m      4 root       0 -20       0      0      0 I   0.0   0.0   0:00.00 rcu_par+ (B[m[39;49m[K
(B[m      6 root       0 -20       0      0      0 I   0.0   0.0   0:00.00 kworker+ (B[m[39;49m[K
(B[m      8 root      20   0       0      0      0 I   0.0   0.0   0:00.16 kworker+ (B[m[39;49m[K
(B[m      9 root       0 -20       0      0      0 I   0.0   0.0   0:00.00 mm_perc+ (B[m[39;49m[K
(B[m     10 root      20   0       0      0      0 S   0.0   0.0   0:00.00 rcu_tas+ (B[m[39;49m[K
(B[m     11 root      20   0       0      0      0 S   0.0   0.0   0:00.00 rcu_tas+ (B[m[39;49m[K
(B[m     12 root      20   0       0      0      0 S   0.0   0.0   0:00.03 ksoftir+ (B[m[39;49m[K
(B[m     13 root      20   0       0      0      0 I   0.0   0.0   0:00.22 rcu_sch+ (B[m[39;49m[K
(B[m     14 root      rt   0       0      0      0 S   0.0   0.0   0:00.01 migrati+ (B[m[39;49m[K
(B[m     15 root     -51   0       0      0      0 S   0.0   0.0   0:00.00 idle_in+ (B[m[39;49m[K
(B[m     16 root      20   0       0      0      0 S   0.0   0.0   0:00.00 cpuhp/0  (B[m[39;49m[K
(B[m     17 root      20   0       0      0      0 S   0.0   0.0   0:00.00 cpuhp/1  (B[m[39;49m[K
(B[m     18 root     -51   0       0      0      0 S   0.0   0.0   0:00.00 idle_in+ (B[m[39;49m[K[?1l>[25;1H
[?12l[?25h[K[?1h=[?25l[H[2J(B[mtop - 13:28:09 up 20 min,  1 user,  load average: 0.35, 0.74, 0.63(B[m[39;49m(B[m[39;49m[K
Tasks:(B[m[39;49m[1m 209 (B[m[39;49mtotal,(B[m[39;49m[1m   1 (B[m[39;49mrunning,(B[m[39;49m[1m 208 (B[m[39;49msleeping,(B[m[39;49m[1m   0 (B[m[39;49mstopped,(B[m[39;49m[1m   0 (B[m[39;49mzombie(B[m[39;49m(B[m[39;49m[K
%Cpu(s):(B[m[39;49m[1m  3.2 (B[m[39;49mus,(B[m[39;49m[1m  0.0 (B[m[39;49msy,(B[m[39;49m[1m  0.0 (B[m[39;49mni,(B[m[39;49m[1m 96.8 (B[m[39;49mid,(B[m[39;49m[1m  0.0 (B[m[39;49mwa,(B[m[39;49m[1m  0.0 (B[m[39;49mhi,(B[m[39;49m[1m  0.0 (B[m[39;49msi,(B[m[39;49m[1m  0.0 (B[m[39;49mst(B[m[39;49m(B[m[39;49m[K
MiB Mem :(B[m[39;49m[1m   3926.0 (B[m[39;49mtotal,(B[m[39;49m[1m   1100.2 (B[m[39;49mfree,(B[m[39;49m[1m   1729.6 (B[m[39;49mused,(B[m[39;49m[1m   1096.2 (B[m[39;49mbuff/cache(B[m[39;49m(B[m[39;49m[K
MiB Swap:(B[m[39;49m[1m    448.5 (B[m[39;49mtotal,(B[m[39;49m[1m    448.5 (B[m[39;49mfree,(B[m[39;49m[1m      0.0 (B[m[39;49mused.(B[m[39;49m[1m   1939.2 (B[m[39;49mavail Mem (B[m[39;49m(B[m[39;49m[K
[K
[7m    PID USER      PR  NI    VIRT    RES    SHR S  %CPU  %MEM     TIME+ COMMAND  (B[m[39;49m[K
(B[m   1348 borui     20   0 4026244 391576 138268 S   6.2   9.7   0:39.20 gnome-s+ (B[m[39;49m[K
(B[m      1 root      20   0  167456  11444   8372 S   0.0   0.3   0:02.10 systemd  (B[m[39;49m[K
(B[m      2 root      20   0       0      0      0 S   0.0   0.0   0:00.00 kthreadd (B[m[39;49m[K
(B[m      3 root       0 -20       0      0      0 I   0.0   0.0   0:00.00 rcu_gp   (B[m[39;49m[K
(B[m      4 root       0 -20       0      0      0 I   0.0   0.0   0:00.00 rcu_par+ (B[m[39;49m[K
(B[m      6 root       0 -20       0      0      0 I   0.0   0.0   0:00.00 kworker+ (B[m[39;49m[K
(B[m      8 root      20   0       0      0      0 I   0.0   0.0   0:00.16 kworker+ (B[m[39;49m[K
(B[m      9 root       0 -20       0      0      0 I   0.0   0.0   0:00.00 mm_perc+ (B[m[39;49m[K
(B[m     10 root      20   0       0      0      0 S   0.0   0.0   0:00.00 rcu_tas+ (B[m[39;49m[K
(B[m     11 root      20   0       0      0      0 S   0.0   0.0   0:00.00 rcu_tas+ (B[m[39;49m[K
(B[m     12 root      20   0       0      0      0 S   0.0   0.0   0:00.03 ksoftir+ (B[m[39;49m[K
(B[m     13 root      20   0       0      0      0 I   0.0   0.0   0:00.22 rcu_sch+ (B[m[39;49m[K
(B[m     14 root      rt   0       0      0      0 S   0.0   0.0   0:00.01 migrati+ (B[m[39;49m[K
(B[m     15 root     -51   0       0      0      0 S   0.0   0.0   0:00.00 idle_in+ (B[m[39;49m[K
(B[m     16 root      20   0       0      0      0 S   0.0   0.0   0:00.00 cpuhp/0  (B[m[39;49m[K
(B[m     17 root      20   0       0      0      0 S   0.0   0.0   0:00.00 cpuhp/1  (B[m[39;49m[K
(B[m     18 root     -51   0       0      0      0 S   0.0   0.0   0:00.00 idle_in+ (B[m[39;49m[K[?1l>[25;1H
[?12l[?25h[K[?1h=[?25l[H[2J(B[mtop - 14:14:07 up  1:06,  1 user,  load average: 0.54, 0.61, 0.48(B[m[39;49m(B[m[39;49m[K
Tasks:(B[m[39;49m[1m 225 (B[m[39;49mtotal,(B[m[39;49m[1m   1 (B[m[39;49mrunning,(B[m[39;49m[1m 224 (B[m[39;49msleeping,(B[m[39;49m[1m   0 (B[m[39;49mstopped,(B[m[39;49m[1m   0 (B[m[39;49mzombie(B[m[39;49m(B[m[39;49m[K
%Cpu(s):(B[m[39;49m[1m  0.0 (B[m[39;49mus,(B[m[39;49m[1m  3.2 (B[m[39;49msy,(B[m[39;49m[1m  0.0 (B[m[39;49mni,(B[m[39;49m[1m 96.8 (B[m[39;49mid,(B[m[39;49m[1m  0.0 (B[m[39;49mwa,(B[m[39;49m[1m  0.0 (B[m[39;49mhi,(B[m[39;49m[1m  0.0 (B[m[39;49msi,(B[m[39;49m[1m  0.0 (B[m[39;49mst(B[m[39;49m(B[m[39;49m[K
MiB Mem :(B[m[39;49m[1m   3926.0 (B[m[39;49mtotal,(B[m[39;49m[1m    145.6 (B[m[39;49mfree,(B[m[39;49m[1m   2657.0 (B[m[39;49mused,(B[m[39;49m[1m   1123.3 (B[m[39;49mbuff/cache(B[m[39;49m(B[m[39;49m[K
MiB Swap:(B[m[39;49m[1m    448.5 (B[m[39;49mtotal,(B[m[39;49m[1m    447.2 (B[m[39;49mfree,(B[m[39;49m[1m      1.3 (B[m[39;49mused.(B[m[39;49m[1m    988.6 (B[m[39;49mavail Mem (B[m[39;49m(B[m[39;49m[K
[K
[7m    PID USER      PR  NI    VIRT    RES    SHR S  %CPU  %MEM     TIME+ COMMAND  (B[m[39;49m[K
(B[m   1028 borui      9 -11 2981812  18984  14480 S   6.2   0.5   0:08.81 pulseau+ (B[m[39;49m[K
(B[m   2881 borui     20   0  816612  51824  39324 S   6.2   1.3   0:02.75 gnome-t+ (B[m[39;49m[K
(B[m[1m   7056 borui     20   0   11856   3960   3204 R   6.2   0.1   0:00.01 top      (B[m[39;49m[K
(B[m      1 root      20   0  168780  12880   8372 S   0.0   0.3   0:09.33 systemd  (B[m[39;49m[K
(B[m      2 root      20   0       0      0      0 S   0.0   0.0   0:00.00 kthreadd (B[m[39;49m[K
(B[m      3 root       0 -20       0      0      0 I   0.0   0.0   0:00.00 rcu_gp   (B[m[39;49m[K
(B[m      4 root       0 -20       0      0      0 I   0.0   0.0   0:00.00 rcu_par+ (B[m[39;49m[K
(B[m      6 root       0 -20       0      0      0 I   0.0   0.0   0:00.00 kworker+ (B[m[39;49m[K
(B[m      9 root       0 -20       0      0      0 I   0.0   0.0   0:00.00 mm_perc+ (B[m[39;49m[K
(B[m     10 root      20   0       0      0      0 S   0.0   0.0   0:00.00 rcu_tas+ (B[m[39;49m[K
(B[m     11 root      20   0       0      0      0 S   0.0   0.0   0:00.00 rcu_tas+ (B[m[39;49m[K
(B[m     12 root      20   0       0      0      0 S   0.0   0.0   0:00.13 ksoftir+ (B[m[39;49m[K
(B[m     13 root      20   0       0      0      0 I   0.0   0.0   0:00.60 rcu_sch+ (B[m[39;49m[K
(B[m     14 root      rt   0       0      0      0 S   0.0   0.0   0:00.02 migrati+ (B[m[39;49m[K
(B[m     15 root     -51   0       0      0      0 S   0.0   0.0   0:00.00 idle_in+ (B[m[39;49m[K
(B[m     16 root      20   0       0      0      0 S   0.0   0.0   0:00.00 cpuhp/0  (B[m[39;49m[K
(B[m     17 root      20   0       0      0      0 S   0.0   0.0   0:00.00 cpuhp/1  (B[m[39;49m[K[?1l>[25;1H
[?12l[?25h[K